<?xml version="1.0" encoding="UTF-8"?>
<!-- Generated by org.testng.reporters.JUnitReportReporter -->
<testsuite hostname="DESKTOP-GVVML2G" failures="0" tests="3" name="MyFirstDataBaseTest" time="0.012" errors="0" timestamp="2023-11-12T10:25:00 EET" skipped="2">
  <testcase classname="MyFirstDataBaseTest" name="updateTest" time="0.012"/>
  <system-out/>
  <testcase classname="MyFirstDataBaseTest" name="addTest">
    <skipped/>
  </testcase> <!-- addTest -->
  <system-out/>
  <testcase classname="MyFirstDataBaseTest" name="deleteTest">
    <skipped/>
  </testcase> <!-- deleteTest -->
  <system-out/>
</testsuite> <!-- MyFirstDataBaseTest -->
